androidsdk/build/outputs/logs/manifest-merger-debug-report.txt
-- Merging decision tree log ---
manifest
ADDED from src/main/AndroidManifest.xml:2:1-65:12
INJECTED from src/main/AndroidManifest.xml:2:1-65:12
	package
		INJECTED from src/main/AndroidManifest.xml
	xmlns:android
		ADDED from src/main/AndroidManifest.xml:2:11-69
uses-permission#android.permission.VIBRATE
ADDED from src/main/AndroidManifest.xml:4:5-66
	android:name
		ADDED from src/main/AndroidManifest.xml:4:22-63
uses-permission#android.permission.INTERNET
ADDED from src/main/AndroidManifest.xml:5:5-67
	android:name
		ADDED from src/main/AndroidManifest.xml:5:22-64
uses-permission#android.permission.POST_NOTIFICATIONS
ADDED from src/main/AndroidManifest.xml:6:5-77
	android:name
		ADDED from src/main/AndroidManifest.xml:6:22-74
uses-permission#android.permission.ACCESS_NETWORK_STATE
ADDED from src/main/AndroidManifest.xml:7:5-79
	android:name
		ADDED from src/main/AndroidManifest.xml:7:22-76
uses-permission#android.permission.ACCESS_WIFI_STATE
ADDED from src/main/AndroidManifest.xml:8:5-76
	android:name
		ADDED from src/main/AndroidManifest.xml:8:22-73
uses-permission#android.permission.FOREGROUND_SERVICE
ADDED from src/main/AndroidManifest.xml:9:5-77
	android:name
		ADDED from src/main/AndroidManifest.xml:9:22-74
uses-permission#com.huawei.permission.C2D_MESSAGE
ADDED from src/main/AndroidManifest.xml:10:5-73
	android:name
		ADDED from src/main/AndroidManifest.xml:10:22-70
application
ADDED from src/main/AndroidManifest.xml:12:5-63:19
	android:enabled
		ADDED from src/main/AndroidManifest.xml:14:9-31
	android:directBootAware
		ADDED from src/main/AndroidManifest.xml:13:9-39
	android:usesCleartextTraffic
		ADDED from src/main/AndroidManifest.xml:15:9-44
service#com.enkod.androidsdk.common.InternetService
ADDED from src/main/AndroidManifest.xml:25:9-28:40
	android:enabled
		ADDED from src/main/AndroidManifest.xml:27:13-35
	android:exported
		ADDED from src/main/AndroidManifest.xml:28:13-37
	android:name
		ADDED from src/main/AndroidManifest.xml:26:13-71
activity#com.enkod.androidsdk.common.OnOpenActivity
ADDED from src/main/AndroidManifest.xml:31:9-39:20
	android:exported
		ADDED from src/main/AndroidManifest.xml:33:13-36
	android:usesCleartextTraffic
		ADDED from src/main/AndroidManifest.xml:34:13-48
	android:name
		ADDED from src/main/AndroidManifest.xml:32:13-70
intent-filter#action:name:.OnOpenActivity+category:name:android.intent.category.DEFAULT
ADDED from src/main/AndroidManifest.xml:35:13-38:29
action#.OnOpenActivity
ADDED from src/main/AndroidManifest.xml:36:17-58
	android:name
		ADDED from src/main/AndroidManifest.xml:36:25-55
category#android.intent.category.DEFAULT
ADDED from src/main/AndroidManifest.xml:37:17-76
	android:name
		ADDED from src/main/AndroidManifest.xml:37:27-73
service#com.enkod.androidsdk.fcm.EnkodPushMessagingService
ADDED from src/main/AndroidManifest.xml:41:9-50:19
	android:enabled
		ADDED from src/main/AndroidManifest.xml:44:13-36
	android:exported
		ADDED from src/main/AndroidManifest.xml:45:13-37
	android:directBootAware
		ADDED from src/main/AndroidManifest.xml:43:13-43
	android:usesCleartextTraffic
		ADDED from src/main/AndroidManifest.xml:46:13-48
	android:name
		ADDED from src/main/AndroidManifest.xml:42:13-78
intent-filter#action:name:com.google.firebase.MESSAGING_EVENT
ADDED from src/main/AndroidManifest.xml:47:13-49:29
action#com.google.firebase.MESSAGING_EVENT
ADDED from src/main/AndroidManifest.xml:48:17-78
	android:name
		ADDED from src/main/AndroidManifest.xml:48:25-75
service#com.enkod.androidsdk.huawei.HuaweiPushService
ADDED from src/main/AndroidManifest.xml:52:9-61:19
	android:enabled
		ADDED from src/main/AndroidManifest.xml:55:13-35
	android:exported
		ADDED from src/main/AndroidManifest.xml:56:13-37
	android:directBootAware
		ADDED from src/main/AndroidManifest.xml:54:13-43
	android:usesCleartextTraffic
		ADDED from src/main/AndroidManifest.xml:57:13-48
	android:name
		ADDED from src/main/AndroidManifest.xml:53:13-53
intent-filter#action:name:com.huawei.push.action.MESSAGING_EVENT
ADDED from src/main/AndroidManifest.xml:58:13-60:29
action#com.huawei.push.action.MESSAGING_EVENT
ADDED from src/main/AndroidManifest.xml:59:17-81
	android:name
		ADDED from src/main/AndroidManifest.xml:59:25-78
uses-sdk
INJECTED from src/main/AndroidManifest.xml reason: use-sdk injection requested
INJECTED from src/main/AndroidManifest.xml
INJECTED from src/main/AndroidManifest.xml
	android:targetSdkVersion
		INJECTED from src/main/AndroidManifest.xml
	android:minSdkVersion
		INJECTED from src/main/AndroidManifest.xml